2025-02-15 21:55:25,081 - models_types_generator - INFO - 
[32m--------------------------------------------------------------------------------
Found class: CurrentPosition
--------------------------------------------------------------------------------[0m
2025-02-15 21:55:25,081 - models_types_generator - INFO - 
[32m--------------------------------------------------------------------------------
  Processing field: stock
--------------------------------------------------------------------------------[0m
2025-02-15 21:55:25,081 - models_types_generator - INFO - 
[32m--------------------------------------------------------------------------------
    Field type: str
--------------------------------------------------------------------------------[0m
2025-02-15 21:55:25,081 - models_types_generator - INFO - 
[32m--------------------------------------------------------------------------------
  Processing field: avg_price_bought
--------------------------------------------------------------------------------[0m
2025-02-15 21:55:25,081 - models_types_generator - INFO - 
[32m--------------------------------------------------------------------------------
    Field type: float
--------------------------------------------------------------------------------[0m
2025-02-15 21:55:25,081 - models_types_generator - INFO - 
[32m--------------------------------------------------------------------------------
  Processing field: current_price
--------------------------------------------------------------------------------[0m
2025-02-15 21:55:25,081 - models_types_generator - INFO - 
[32m--------------------------------------------------------------------------------
    Field type: float
--------------------------------------------------------------------------------[0m
2025-02-15 21:55:25,081 - models_types_generator - INFO - 
[32m--------------------------------------------------------------------------------
  Processing field: quantity
--------------------------------------------------------------------------------[0m
2025-02-15 21:55:25,082 - models_types_generator - INFO - 
[32m--------------------------------------------------------------------------------
    Field type: float
--------------------------------------------------------------------------------[0m
2025-02-15 21:55:25,082 - models_types_generator - INFO - 
[32m--------------------------------------------------------------------------------
  Processing field: stop_limit
--------------------------------------------------------------------------------[0m
2025-02-15 21:55:25,082 - models_types_generator - INFO - 
[32m--------------------------------------------------------------------------------
    Field type: float
--------------------------------------------------------------------------------[0m
2025-02-15 21:55:25,082 - models_types_generator - INFO - 
[32m--------------------------------------------------------------------------------
  Processing field: stop_limit_in_place
--------------------------------------------------------------------------------[0m
2025-02-15 21:55:25,082 - models_types_generator - INFO - 
[32m--------------------------------------------------------------------------------
    Field type: int
--------------------------------------------------------------------------------[0m
2025-02-15 21:55:25,082 - models_types_generator - INFO - 
[32m--------------------------------------------------------------------------------
  Processing field: strategy
--------------------------------------------------------------------------------[0m
2025-02-15 21:55:25,082 - models_types_generator - INFO - 
[32m--------------------------------------------------------------------------------
    Field type: str
--------------------------------------------------------------------------------[0m
2025-02-15 21:55:25,082 - models_types_generator - INFO - 
[32m--------------------------------------------------------------------------------
  Fields: {'stock': 'str', 'avg_price_bought': 'float', 'current_price': 'float', 'quantity': 'float', 'stop_limit': 'float', 'stop_limit_in_place': 'int', 'strategy': 'str'}
--------------------------------------------------------------------------------[0m
2025-02-15 21:55:25,082 - models_types_generator - INFO - 
[32m--------------------------------------------------------------------------------
Found class: TargetPosition
--------------------------------------------------------------------------------[0m
2025-02-15 21:55:25,082 - models_types_generator - INFO - 
[32m--------------------------------------------------------------------------------
  Processing field: stock
--------------------------------------------------------------------------------[0m
2025-02-15 21:55:25,082 - models_types_generator - INFO - 
[32m--------------------------------------------------------------------------------
    Field type: str
--------------------------------------------------------------------------------[0m
2025-02-15 21:55:25,082 - models_types_generator - INFO - 
[32m--------------------------------------------------------------------------------
  Processing field: avg_price_bought
--------------------------------------------------------------------------------[0m
2025-02-15 21:55:25,082 - models_types_generator - INFO - 
[32m--------------------------------------------------------------------------------
    Field type: float
--------------------------------------------------------------------------------[0m
2025-02-15 21:55:25,082 - models_types_generator - INFO - 
[32m--------------------------------------------------------------------------------
  Processing field: current_price
--------------------------------------------------------------------------------[0m
2025-02-15 21:55:25,082 - models_types_generator - INFO - 
[32m--------------------------------------------------------------------------------
    Field type: float
--------------------------------------------------------------------------------[0m
2025-02-15 21:55:25,082 - models_types_generator - INFO - 
[32m--------------------------------------------------------------------------------
  Processing field: quantity
--------------------------------------------------------------------------------[0m
2025-02-15 21:55:25,082 - models_types_generator - INFO - 
[32m--------------------------------------------------------------------------------
    Field type: float
--------------------------------------------------------------------------------[0m
2025-02-15 21:55:25,082 - models_types_generator - INFO - 
[32m--------------------------------------------------------------------------------
  Processing field: stop_limit
--------------------------------------------------------------------------------[0m
2025-02-15 21:55:25,082 - models_types_generator - INFO - 
[32m--------------------------------------------------------------------------------
    Field type: float
--------------------------------------------------------------------------------[0m
2025-02-15 21:55:25,082 - models_types_generator - INFO - 
[32m--------------------------------------------------------------------------------
  Processing field: strategy
--------------------------------------------------------------------------------[0m
2025-02-15 21:55:25,082 - models_types_generator - INFO - 
[32m--------------------------------------------------------------------------------
    Field type: str
--------------------------------------------------------------------------------[0m
2025-02-15 21:55:25,082 - models_types_generator - INFO - 
[32m--------------------------------------------------------------------------------
  Fields: {'stock': 'str', 'avg_price_bought': 'float', 'current_price': 'float', 'quantity': 'float', 'stop_limit': 'float', 'strategy': 'str'}
--------------------------------------------------------------------------------[0m
2025-02-15 21:55:25,082 - models_types_generator - INFO - 
[32m--------------------------------------------------------------------------------
Found class: OpenOrders
--------------------------------------------------------------------------------[0m
2025-02-15 21:55:25,082 - models_types_generator - INFO - 
[32m--------------------------------------------------------------------------------
  Processing field: order_id
--------------------------------------------------------------------------------[0m
2025-02-15 21:55:25,082 - models_types_generator - INFO - 
[32m--------------------------------------------------------------------------------
    Field type: int
--------------------------------------------------------------------------------[0m
2025-02-15 21:55:25,082 - models_types_generator - INFO - 
[32m--------------------------------------------------------------------------------
  Processing field: stock
--------------------------------------------------------------------------------[0m
2025-02-15 21:55:25,082 - models_types_generator - INFO - 
[32m--------------------------------------------------------------------------------
    Field type: str
--------------------------------------------------------------------------------[0m
2025-02-15 21:55:25,082 - models_types_generator - INFO - 
[32m--------------------------------------------------------------------------------
  Processing field: time
--------------------------------------------------------------------------------[0m
2025-02-15 21:55:25,082 - models_types_generator - INFO - 
[32m--------------------------------------------------------------------------------
    Field type: datetime.datetime
--------------------------------------------------------------------------------[0m
2025-02-15 21:55:25,082 - models_types_generator - INFO - 
[32m--------------------------------------------------------------------------------
  Processing field: price_transacted
--------------------------------------------------------------------------------[0m
2025-02-15 21:55:25,083 - models_types_generator - INFO - 
[32m--------------------------------------------------------------------------------
    Field type: float
--------------------------------------------------------------------------------[0m
2025-02-15 21:55:25,083 - models_types_generator - INFO - 
[32m--------------------------------------------------------------------------------
  Processing field: fees
--------------------------------------------------------------------------------[0m
2025-02-15 21:55:25,083 - models_types_generator - INFO - 
[32m--------------------------------------------------------------------------------
    Field type: float
--------------------------------------------------------------------------------[0m
2025-02-15 21:55:25,083 - models_types_generator - INFO - 
[32m--------------------------------------------------------------------------------
  Processing field: quantity
--------------------------------------------------------------------------------[0m
2025-02-15 21:55:25,083 - models_types_generator - INFO - 
[32m--------------------------------------------------------------------------------
    Field type: float
--------------------------------------------------------------------------------[0m
2025-02-15 21:55:25,083 - models_types_generator - INFO - 
[32m--------------------------------------------------------------------------------
  Processing field: strategy
--------------------------------------------------------------------------------[0m
2025-02-15 21:55:25,083 - models_types_generator - INFO - 
[32m--------------------------------------------------------------------------------
    Field type: str
--------------------------------------------------------------------------------[0m
2025-02-15 21:55:25,083 - models_types_generator - INFO - 
[32m--------------------------------------------------------------------------------
  Fields: {'order_id': 'int', 'stock': 'str', 'time': 'datetime.datetime', 'price_transacted': 'float', 'fees': 'float', 'quantity': 'float', 'strategy': 'str'}
--------------------------------------------------------------------------------[0m
2025-02-15 21:55:25,083 - models_types_generator - INFO - 
[32m--------------------------------------------------------------------------------
Found class: Transaction
--------------------------------------------------------------------------------[0m
2025-02-15 21:55:25,083 - models_types_generator - INFO - 
[32m--------------------------------------------------------------------------------
  Processing field: stock
--------------------------------------------------------------------------------[0m
2025-02-15 21:55:25,083 - models_types_generator - INFO - 
[32m--------------------------------------------------------------------------------
    Field type: str
--------------------------------------------------------------------------------[0m
2025-02-15 21:55:25,083 - models_types_generator - INFO - 
[32m--------------------------------------------------------------------------------
  Processing field: time
--------------------------------------------------------------------------------[0m
2025-02-15 21:55:25,083 - models_types_generator - INFO - 
[32m--------------------------------------------------------------------------------
    Field type: datetime.datetime
--------------------------------------------------------------------------------[0m
2025-02-15 21:55:25,083 - models_types_generator - INFO - 
[32m--------------------------------------------------------------------------------
  Processing field: price_transacted
--------------------------------------------------------------------------------[0m
2025-02-15 21:55:25,083 - models_types_generator - INFO - 
[32m--------------------------------------------------------------------------------
    Field type: float
--------------------------------------------------------------------------------[0m
2025-02-15 21:55:25,083 - models_types_generator - INFO - 
[32m--------------------------------------------------------------------------------
  Processing field: fees
--------------------------------------------------------------------------------[0m
2025-02-15 21:55:25,083 - models_types_generator - INFO - 
[32m--------------------------------------------------------------------------------
    Field type: float
--------------------------------------------------------------------------------[0m
2025-02-15 21:55:25,083 - models_types_generator - INFO - 
[32m--------------------------------------------------------------------------------
  Processing field: quantity
--------------------------------------------------------------------------------[0m
2025-02-15 21:55:25,083 - models_types_generator - INFO - 
[32m--------------------------------------------------------------------------------
    Field type: float
--------------------------------------------------------------------------------[0m
2025-02-15 21:55:25,083 - models_types_generator - INFO - 
[32m--------------------------------------------------------------------------------
  Processing field: strategy
--------------------------------------------------------------------------------[0m
2025-02-15 21:55:25,083 - models_types_generator - INFO - 
[32m--------------------------------------------------------------------------------
    Field type: str
--------------------------------------------------------------------------------[0m
2025-02-15 21:55:25,083 - models_types_generator - INFO - 
[32m--------------------------------------------------------------------------------
  Fields: {'stock': 'str', 'time': 'datetime.datetime', 'price_transacted': 'float', 'fees': 'float', 'quantity': 'float', 'strategy': 'str'}
--------------------------------------------------------------------------------[0m
2025-02-15 21:55:25,083 - models_types_generator - INFO - 
[32m--------------------------------------------------------------------------------
Found class: HistoricalData
--------------------------------------------------------------------------------[0m
2025-02-15 21:55:25,083 - models_types_generator - INFO - 
[32m--------------------------------------------------------------------------------
  Processing field: stock
--------------------------------------------------------------------------------[0m
2025-02-15 21:55:25,083 - models_types_generator - INFO - 
[32m--------------------------------------------------------------------------------
    Field type: str
--------------------------------------------------------------------------------[0m
2025-02-15 21:55:25,083 - models_types_generator - INFO - 
[32m--------------------------------------------------------------------------------
  Processing field: time
--------------------------------------------------------------------------------[0m
2025-02-15 21:55:25,083 - models_types_generator - INFO - 
[32m--------------------------------------------------------------------------------
    Field type: datetime.datetime
--------------------------------------------------------------------------------[0m
2025-02-15 21:55:25,083 - models_types_generator - INFO - 
[32m--------------------------------------------------------------------------------
  Processing field: open
--------------------------------------------------------------------------------[0m
2025-02-15 21:55:25,083 - models_types_generator - INFO - 
[32m--------------------------------------------------------------------------------
    Field type: float
--------------------------------------------------------------------------------[0m
2025-02-15 21:55:25,083 - models_types_generator - INFO - 
[32m--------------------------------------------------------------------------------
  Processing field: high
--------------------------------------------------------------------------------[0m
2025-02-15 21:55:25,084 - models_types_generator - INFO - 
[32m--------------------------------------------------------------------------------
    Field type: float
--------------------------------------------------------------------------------[0m
2025-02-15 21:55:25,084 - models_types_generator - INFO - 
[32m--------------------------------------------------------------------------------
  Processing field: low
--------------------------------------------------------------------------------[0m
2025-02-15 21:55:25,084 - models_types_generator - INFO - 
[32m--------------------------------------------------------------------------------
    Field type: float
--------------------------------------------------------------------------------[0m
2025-02-15 21:55:25,084 - models_types_generator - INFO - 
[32m--------------------------------------------------------------------------------
  Processing field: close
--------------------------------------------------------------------------------[0m
2025-02-15 21:55:25,084 - models_types_generator - INFO - 
[32m--------------------------------------------------------------------------------
    Field type: float
--------------------------------------------------------------------------------[0m
2025-02-15 21:55:25,084 - models_types_generator - INFO - 
[32m--------------------------------------------------------------------------------
  Processing field: volume
--------------------------------------------------------------------------------[0m
2025-02-15 21:55:25,084 - models_types_generator - INFO - 
[32m--------------------------------------------------------------------------------
    Field type: int
--------------------------------------------------------------------------------[0m
2025-02-15 21:55:25,084 - models_types_generator - INFO - 
[32m--------------------------------------------------------------------------------
  Fields: {'stock': 'str', 'time': 'datetime.datetime', 'open': 'float', 'high': 'float', 'low': 'float', 'close': 'float', 'volume': 'int'}
--------------------------------------------------------------------------------[0m
2025-02-15 21:55:25,088 - init_db() - INFO - 
[32m--------------------------------------------------------------------------------
Database initialization complete.
--------------------------------------------------------------------------------[0m
2025-02-15 21:55:25,095 - IBC - INFO - 
[32m--------------------------------------------------------------------------------
IBC LOGS START
--------------------------------------------------------------------------------[0m
2025-02-15 21:55:51,900 - IBC - INFO - 
[32m--------------------------------------------------------------------------------
IBC LOGS END - IBKR started
--------------------------------------------------------------------------------[0m
2025-02-15 21:55:52,637 - IBAsyncBroker - INFO - 
[32m--------------------------------------------------------------------------------
connect(): Successfully connected to IBKR.
--------------------------------------------------------------------------------[0m
2025-02-15 21:56:19,874 - IBAsyncBroker - ERROR - 
[31m--------------------------------------------------------------------------------
reqMktData() in get_current_price() timed out - no data for ticker: SPY
--------------------------------------------------------------------------------[0m
2025-02-15 21:56:35,126 - IBAsyncBroker - ERROR - 
[31m--------------------------------------------------------------------------------
reqMktData() in get_current_price() timed out - no data for ticker: SPY
--------------------------------------------------------------------------------[0m
2025-02-15 21:56:50,332 - IBAsyncBroker - ERROR - 
[31m--------------------------------------------------------------------------------
reqMktData() in get_current_price() timed out - no data for ticker: SPY
--------------------------------------------------------------------------------[0m
2025-02-15 21:56:50,606 - IBAsyncBroker - INFO - 
[32m--------------------------------------------------------------------------------
New order placed: 407
--------------------------------------------------------------------------------[0m
2025-02-15 21:56:50,805 - IBAsyncBroker - INFO - 
[32m--------------------------------------------------------------------------------
Order submitted: 407 for SPY
--------------------------------------------------------------------------------[0m
2025-02-15 22:02:43,313 - run.py - ERROR - 
[31m--------------------------------------------------------------------------------
Failed, Disconnecting from brokers now: Traceback (most recent call last):
  File "/Users/ryantan/.pyenv/versions/3.10.0/lib/python3.10/asyncio/tasks.py", line 234, in __step
    result = coro.throw(exc)
  File "/Users/ryantan/.pyenv/versions/3.10.0/lib/python3.10/asyncio/tasks.py", line 609, in sleep
    return await future
  File "/Users/ryantan/.pyenv/versions/3.10.0/lib/python3.10/asyncio/futures.py", line 284, in __await__
    yield self  # This tells Task to wait for completion.
  File "/Users/ryantan/.pyenv/versions/3.10.0/lib/python3.10/asyncio/tasks.py", line 304, in __wakeup
    future.result()
  File "/Users/ryantan/.pyenv/versions/3.10.0/lib/python3.10/asyncio/futures.py", line 196, in result
    raise exc
asyncio.exceptions.CancelledError

During handling of the above exception, another exception occurred:

Traceback (most recent call last):
  File "/Users/ryantan/Downloads/Personal Projects/auto ibkr/py_book/backend/venv/lib/python3.10/site-packages/ib_async/util.py", line 360, in run
    result = loop.run_until_complete(task)
  File "/Users/ryantan/Downloads/Personal Projects/auto ibkr/py_book/backend/venv/lib/python3.10/site-packages/nest_asyncio.py", line 98, in run_until_complete
    return f.result()
  File "/Users/ryantan/.pyenv/versions/3.10.0/lib/python3.10/asyncio/futures.py", line 196, in result
    raise exc
asyncio.exceptions.CancelledError

During handling of the above exception, another exception occurred:

Traceback (most recent call last):
  File "/Users/ryantan/Downloads/Personal Projects/auto ibkr/py_book/backend/app/run.py", line 19, in run
    ibkr.ib.sleep(60 * 30)
  File "/Users/ryantan/Downloads/Personal Projects/auto ibkr/py_book/backend/venv/lib/python3.10/site-packages/ib_async/util.py", line 405, in sleep
    run(asyncio.sleep(secs))
  File "/Users/ryantan/Downloads/Personal Projects/auto ibkr/py_book/backend/venv/lib/python3.10/site-packages/ib_async/util.py", line 362, in run
    raise globalErrorEvent.value() or e
ConnectionError: Socket disconnect

--------------------------------------------------------------------------------[0m
2025-02-15 22:02:43,315 - IBAsyncBroker - INFO - 
[32m--------------------------------------------------------------------------------
disconnect(): Successfully disconnected from IBKR.
--------------------------------------------------------------------------------[0m
2025-02-15 22:03:14,387 - models_types_generator - INFO - 
[32m--------------------------------------------------------------------------------
Found class: CurrentPosition
--------------------------------------------------------------------------------[0m
2025-02-15 22:03:14,387 - models_types_generator - INFO - 
[32m--------------------------------------------------------------------------------
  Processing field: stock
--------------------------------------------------------------------------------[0m
2025-02-15 22:03:14,387 - models_types_generator - INFO - 
[32m--------------------------------------------------------------------------------
    Field type: str
--------------------------------------------------------------------------------[0m
2025-02-15 22:03:14,387 - models_types_generator - INFO - 
[32m--------------------------------------------------------------------------------
  Processing field: avg_price_bought
--------------------------------------------------------------------------------[0m
2025-02-15 22:03:14,387 - models_types_generator - INFO - 
[32m--------------------------------------------------------------------------------
    Field type: float
--------------------------------------------------------------------------------[0m
2025-02-15 22:03:14,387 - models_types_generator - INFO - 
[32m--------------------------------------------------------------------------------
  Processing field: current_price
--------------------------------------------------------------------------------[0m
2025-02-15 22:03:14,387 - models_types_generator - INFO - 
[32m--------------------------------------------------------------------------------
    Field type: float
--------------------------------------------------------------------------------[0m
2025-02-15 22:03:14,388 - models_types_generator - INFO - 
[32m--------------------------------------------------------------------------------
  Processing field: quantity
--------------------------------------------------------------------------------[0m
2025-02-15 22:03:14,388 - models_types_generator - INFO - 
[32m--------------------------------------------------------------------------------
    Field type: float
--------------------------------------------------------------------------------[0m
2025-02-15 22:03:14,388 - models_types_generator - INFO - 
[32m--------------------------------------------------------------------------------
  Processing field: stop_limit
--------------------------------------------------------------------------------[0m
2025-02-15 22:03:14,388 - models_types_generator - INFO - 
[32m--------------------------------------------------------------------------------
    Field type: float
--------------------------------------------------------------------------------[0m
2025-02-15 22:03:14,388 - models_types_generator - INFO - 
[32m--------------------------------------------------------------------------------
  Processing field: stop_limit_in_place
--------------------------------------------------------------------------------[0m
2025-02-15 22:03:14,388 - models_types_generator - INFO - 
[32m--------------------------------------------------------------------------------
    Field type: int
--------------------------------------------------------------------------------[0m
2025-02-15 22:03:14,388 - models_types_generator - INFO - 
[32m--------------------------------------------------------------------------------
  Processing field: strategy
--------------------------------------------------------------------------------[0m
2025-02-15 22:03:14,388 - models_types_generator - INFO - 
[32m--------------------------------------------------------------------------------
    Field type: str
--------------------------------------------------------------------------------[0m
2025-02-15 22:03:14,388 - models_types_generator - INFO - 
[32m--------------------------------------------------------------------------------
  Fields: {'stock': 'str', 'avg_price_bought': 'float', 'current_price': 'float', 'quantity': 'float', 'stop_limit': 'float', 'stop_limit_in_place': 'int', 'strategy': 'str'}
--------------------------------------------------------------------------------[0m
2025-02-15 22:03:14,388 - models_types_generator - INFO - 
[32m--------------------------------------------------------------------------------
Found class: TargetPosition
--------------------------------------------------------------------------------[0m
2025-02-15 22:03:14,388 - models_types_generator - INFO - 
[32m--------------------------------------------------------------------------------
  Processing field: stock
--------------------------------------------------------------------------------[0m
2025-02-15 22:03:14,388 - models_types_generator - INFO - 
[32m--------------------------------------------------------------------------------
    Field type: str
--------------------------------------------------------------------------------[0m
2025-02-15 22:03:14,388 - models_types_generator - INFO - 
[32m--------------------------------------------------------------------------------
  Processing field: avg_price_bought
--------------------------------------------------------------------------------[0m
2025-02-15 22:03:14,388 - models_types_generator - INFO - 
[32m--------------------------------------------------------------------------------
    Field type: float
--------------------------------------------------------------------------------[0m
2025-02-15 22:03:14,388 - models_types_generator - INFO - 
[32m--------------------------------------------------------------------------------
  Processing field: current_price
--------------------------------------------------------------------------------[0m
2025-02-15 22:03:14,388 - models_types_generator - INFO - 
[32m--------------------------------------------------------------------------------
    Field type: float
--------------------------------------------------------------------------------[0m
2025-02-15 22:03:14,388 - models_types_generator - INFO - 
[32m--------------------------------------------------------------------------------
  Processing field: quantity
--------------------------------------------------------------------------------[0m
2025-02-15 22:03:14,388 - models_types_generator - INFO - 
[32m--------------------------------------------------------------------------------
    Field type: float
--------------------------------------------------------------------------------[0m
2025-02-15 22:03:14,388 - models_types_generator - INFO - 
[32m--------------------------------------------------------------------------------
  Processing field: stop_limit
--------------------------------------------------------------------------------[0m
2025-02-15 22:03:14,388 - models_types_generator - INFO - 
[32m--------------------------------------------------------------------------------
    Field type: float
--------------------------------------------------------------------------------[0m
2025-02-15 22:03:14,388 - models_types_generator - INFO - 
[32m--------------------------------------------------------------------------------
  Processing field: strategy
--------------------------------------------------------------------------------[0m
2025-02-15 22:03:14,388 - models_types_generator - INFO - 
[32m--------------------------------------------------------------------------------
    Field type: str
--------------------------------------------------------------------------------[0m
2025-02-15 22:03:14,388 - models_types_generator - INFO - 
[32m--------------------------------------------------------------------------------
  Fields: {'stock': 'str', 'avg_price_bought': 'float', 'current_price': 'float', 'quantity': 'float', 'stop_limit': 'float', 'strategy': 'str'}
--------------------------------------------------------------------------------[0m
2025-02-15 22:03:14,388 - models_types_generator - INFO - 
[32m--------------------------------------------------------------------------------
Found class: OpenOrders
--------------------------------------------------------------------------------[0m
2025-02-15 22:03:14,388 - models_types_generator - INFO - 
[32m--------------------------------------------------------------------------------
  Processing field: order_id
--------------------------------------------------------------------------------[0m
2025-02-15 22:03:14,388 - models_types_generator - INFO - 
[32m--------------------------------------------------------------------------------
    Field type: int
--------------------------------------------------------------------------------[0m
2025-02-15 22:03:14,388 - models_types_generator - INFO - 
[32m--------------------------------------------------------------------------------
  Processing field: stock
--------------------------------------------------------------------------------[0m
2025-02-15 22:03:14,388 - models_types_generator - INFO - 
[32m--------------------------------------------------------------------------------
    Field type: str
--------------------------------------------------------------------------------[0m
2025-02-15 22:03:14,388 - models_types_generator - INFO - 
[32m--------------------------------------------------------------------------------
  Processing field: time
--------------------------------------------------------------------------------[0m
2025-02-15 22:03:14,388 - models_types_generator - INFO - 
[32m--------------------------------------------------------------------------------
    Field type: datetime.datetime
--------------------------------------------------------------------------------[0m
2025-02-15 22:03:14,389 - models_types_generator - INFO - 
[32m--------------------------------------------------------------------------------
  Processing field: price_transacted
--------------------------------------------------------------------------------[0m
2025-02-15 22:03:14,389 - models_types_generator - INFO - 
[32m--------------------------------------------------------------------------------
    Field type: float
--------------------------------------------------------------------------------[0m
2025-02-15 22:03:14,389 - models_types_generator - INFO - 
[32m--------------------------------------------------------------------------------
  Processing field: fees
--------------------------------------------------------------------------------[0m
2025-02-15 22:03:14,389 - models_types_generator - INFO - 
[32m--------------------------------------------------------------------------------
    Field type: float
--------------------------------------------------------------------------------[0m
2025-02-15 22:03:14,389 - models_types_generator - INFO - 
[32m--------------------------------------------------------------------------------
  Processing field: quantity
--------------------------------------------------------------------------------[0m
2025-02-15 22:03:14,389 - models_types_generator - INFO - 
[32m--------------------------------------------------------------------------------
    Field type: float
--------------------------------------------------------------------------------[0m
2025-02-15 22:03:14,389 - models_types_generator - INFO - 
[32m--------------------------------------------------------------------------------
  Processing field: strategy
--------------------------------------------------------------------------------[0m
2025-02-15 22:03:14,389 - models_types_generator - INFO - 
[32m--------------------------------------------------------------------------------
    Field type: str
--------------------------------------------------------------------------------[0m
2025-02-15 22:03:14,389 - models_types_generator - INFO - 
[32m--------------------------------------------------------------------------------
  Fields: {'order_id': 'int', 'stock': 'str', 'time': 'datetime.datetime', 'price_transacted': 'float', 'fees': 'float', 'quantity': 'float', 'strategy': 'str'}
--------------------------------------------------------------------------------[0m
2025-02-15 22:03:14,389 - models_types_generator - INFO - 
[32m--------------------------------------------------------------------------------
Found class: Transaction
--------------------------------------------------------------------------------[0m
2025-02-15 22:03:14,389 - models_types_generator - INFO - 
[32m--------------------------------------------------------------------------------
  Processing field: stock
--------------------------------------------------------------------------------[0m
2025-02-15 22:03:14,389 - models_types_generator - INFO - 
[32m--------------------------------------------------------------------------------
    Field type: str
--------------------------------------------------------------------------------[0m
2025-02-15 22:03:14,389 - models_types_generator - INFO - 
[32m--------------------------------------------------------------------------------
  Processing field: time
--------------------------------------------------------------------------------[0m
2025-02-15 22:03:14,389 - models_types_generator - INFO - 
[32m--------------------------------------------------------------------------------
    Field type: datetime.datetime
--------------------------------------------------------------------------------[0m
2025-02-15 22:03:14,389 - models_types_generator - INFO - 
[32m--------------------------------------------------------------------------------
  Processing field: price_transacted
--------------------------------------------------------------------------------[0m
2025-02-15 22:03:14,389 - models_types_generator - INFO - 
[32m--------------------------------------------------------------------------------
    Field type: float
--------------------------------------------------------------------------------[0m
2025-02-15 22:03:14,389 - models_types_generator - INFO - 
[32m--------------------------------------------------------------------------------
  Processing field: fees
--------------------------------------------------------------------------------[0m
2025-02-15 22:03:14,389 - models_types_generator - INFO - 
[32m--------------------------------------------------------------------------------
    Field type: float
--------------------------------------------------------------------------------[0m
2025-02-15 22:03:14,389 - models_types_generator - INFO - 
[32m--------------------------------------------------------------------------------
  Processing field: quantity
--------------------------------------------------------------------------------[0m
2025-02-15 22:03:14,389 - models_types_generator - INFO - 
[32m--------------------------------------------------------------------------------
    Field type: float
--------------------------------------------------------------------------------[0m
2025-02-15 22:03:14,389 - models_types_generator - INFO - 
[32m--------------------------------------------------------------------------------
  Processing field: strategy
--------------------------------------------------------------------------------[0m
2025-02-15 22:03:14,389 - models_types_generator - INFO - 
[32m--------------------------------------------------------------------------------
    Field type: str
--------------------------------------------------------------------------------[0m
2025-02-15 22:03:14,389 - models_types_generator - INFO - 
[32m--------------------------------------------------------------------------------
  Fields: {'stock': 'str', 'time': 'datetime.datetime', 'price_transacted': 'float', 'fees': 'float', 'quantity': 'float', 'strategy': 'str'}
--------------------------------------------------------------------------------[0m
2025-02-15 22:03:14,389 - models_types_generator - INFO - 
[32m--------------------------------------------------------------------------------
Found class: HistoricalData
--------------------------------------------------------------------------------[0m
2025-02-15 22:03:14,389 - models_types_generator - INFO - 
[32m--------------------------------------------------------------------------------
  Processing field: stock
--------------------------------------------------------------------------------[0m
2025-02-15 22:03:14,389 - models_types_generator - INFO - 
[32m--------------------------------------------------------------------------------
    Field type: str
--------------------------------------------------------------------------------[0m
2025-02-15 22:03:14,389 - models_types_generator - INFO - 
[32m--------------------------------------------------------------------------------
  Processing field: time
--------------------------------------------------------------------------------[0m
2025-02-15 22:03:14,389 - models_types_generator - INFO - 
[32m--------------------------------------------------------------------------------
    Field type: datetime.datetime
--------------------------------------------------------------------------------[0m
2025-02-15 22:03:14,389 - models_types_generator - INFO - 
[32m--------------------------------------------------------------------------------
  Processing field: open
--------------------------------------------------------------------------------[0m
2025-02-15 22:03:14,389 - models_types_generator - INFO - 
[32m--------------------------------------------------------------------------------
    Field type: float
--------------------------------------------------------------------------------[0m
2025-02-15 22:03:14,389 - models_types_generator - INFO - 
[32m--------------------------------------------------------------------------------
  Processing field: high
--------------------------------------------------------------------------------[0m
2025-02-15 22:03:14,390 - models_types_generator - INFO - 
[32m--------------------------------------------------------------------------------
    Field type: float
--------------------------------------------------------------------------------[0m
2025-02-15 22:03:14,390 - models_types_generator - INFO - 
[32m--------------------------------------------------------------------------------
  Processing field: low
--------------------------------------------------------------------------------[0m
2025-02-15 22:03:14,390 - models_types_generator - INFO - 
[32m--------------------------------------------------------------------------------
    Field type: float
--------------------------------------------------------------------------------[0m
2025-02-15 22:03:14,390 - models_types_generator - INFO - 
[32m--------------------------------------------------------------------------------
  Processing field: close
--------------------------------------------------------------------------------[0m
2025-02-15 22:03:14,390 - models_types_generator - INFO - 
[32m--------------------------------------------------------------------------------
    Field type: float
--------------------------------------------------------------------------------[0m
2025-02-15 22:03:14,390 - models_types_generator - INFO - 
[32m--------------------------------------------------------------------------------
  Processing field: volume
--------------------------------------------------------------------------------[0m
2025-02-15 22:03:14,390 - models_types_generator - INFO - 
[32m--------------------------------------------------------------------------------
    Field type: int
--------------------------------------------------------------------------------[0m
2025-02-15 22:03:14,390 - models_types_generator - INFO - 
[32m--------------------------------------------------------------------------------
  Fields: {'stock': 'str', 'time': 'datetime.datetime', 'open': 'float', 'high': 'float', 'low': 'float', 'close': 'float', 'volume': 'int'}
--------------------------------------------------------------------------------[0m
2025-02-15 22:03:14,393 - init_db() - INFO - 
[32m--------------------------------------------------------------------------------
Database initialization complete.
--------------------------------------------------------------------------------[0m
2025-02-15 22:03:14,396 - IBC - INFO - 
[32m--------------------------------------------------------------------------------
IBC LOGS START
--------------------------------------------------------------------------------[0m
2025-02-15 22:03:44,136 - IBC - INFO - 
[32m--------------------------------------------------------------------------------
IBC LOGS END - IBKR started
--------------------------------------------------------------------------------[0m
2025-02-15 22:03:44,835 - IBAsyncBroker - INFO - 
[32m--------------------------------------------------------------------------------
connect(): Successfully connected to IBKR.
--------------------------------------------------------------------------------[0m
2025-02-15 22:04:00,417 - IBAsyncBroker - ERROR - 
[31m--------------------------------------------------------------------------------
reqMktData() in get_current_price() timed out - no data for ticker: SPY
--------------------------------------------------------------------------------[0m
2025-02-15 22:04:15,632 - IBAsyncBroker - ERROR - 
[31m--------------------------------------------------------------------------------
reqMktData() in get_current_price() timed out - no data for ticker: SPY
--------------------------------------------------------------------------------[0m
2025-02-15 22:04:30,836 - IBAsyncBroker - ERROR - 
[31m--------------------------------------------------------------------------------
reqMktData() in get_current_price() timed out - no data for ticker: SPY
--------------------------------------------------------------------------------[0m
2025-02-15 22:04:31,179 - IBAsyncBroker - INFO - 
[32m--------------------------------------------------------------------------------
New order placed: 417
--------------------------------------------------------------------------------[0m
2025-02-15 22:04:31,264 - IBAsyncBroker - INFO - 
[32m--------------------------------------------------------------------------------
Order submitted: 417 for SPY
--------------------------------------------------------------------------------[0m
2025-02-15 22:34:31,260 - IBAsyncBroker - INFO - 
[32m--------------------------------------------------------------------------------
disconnect(): Successfully disconnected from IBKR.
--------------------------------------------------------------------------------[0m
2025-02-15 22:34:31,273 - send_command_to_ibc() - INFO - 
[32m--------------------------------------------------------------------------------
Response: OK Shutting down: STOP command

--------------------------------------------------------------------------------[0m
