2025-02-13 08:59:38,494 - run.py - ERROR - 
[31m--------------------------------------------------------------------------------
Failed, Disconnecting from brokers now: Traceback (most recent call last):
  File "/Users/ryantan/.pyenv/versions/3.10.0/lib/python3.10/asyncio/tasks.py", line 234, in __step
    result = coro.throw(exc)
  File "/Users/ryantan/.pyenv/versions/3.10.0/lib/python3.10/asyncio/tasks.py", line 609, in sleep
    return await future
  File "/Users/ryantan/.pyenv/versions/3.10.0/lib/python3.10/asyncio/futures.py", line 284, in __await__
    yield self  # This tells Task to wait for completion.
  File "/Users/ryantan/.pyenv/versions/3.10.0/lib/python3.10/asyncio/tasks.py", line 304, in __wakeup
    future.result()
  File "/Users/ryantan/.pyenv/versions/3.10.0/lib/python3.10/asyncio/futures.py", line 196, in result
    raise exc
asyncio.exceptions.CancelledError

During handling of the above exception, another exception occurred:

Traceback (most recent call last):
  File "/Users/ryantan/Downloads/Personal Projects/auto ibkr/py_book/backend/venv/lib/python3.10/site-packages/ib_async/util.py", line 360, in run
    result = loop.run_until_complete(task)
  File "/Users/ryantan/Downloads/Personal Projects/auto ibkr/py_book/backend/venv/lib/python3.10/site-packages/nest_asyncio.py", line 98, in run_until_complete
    return f.result()
  File "/Users/ryantan/.pyenv/versions/3.10.0/lib/python3.10/asyncio/futures.py", line 196, in result
    raise exc
asyncio.exceptions.CancelledError

During handling of the above exception, another exception occurred:

Traceback (most recent call last):
  File "/Users/ryantan/Downloads/Personal Projects/auto ibkr/py_book/backend/app/run.py", line 19, in run
    await ibkr.ib.sleep(60 * 30)
  File "/Users/ryantan/Downloads/Personal Projects/auto ibkr/py_book/backend/venv/lib/python3.10/site-packages/ib_async/util.py", line 405, in sleep
    run(asyncio.sleep(secs))
  File "/Users/ryantan/Downloads/Personal Projects/auto ibkr/py_book/backend/venv/lib/python3.10/site-packages/ib_async/util.py", line 362, in run
    raise globalErrorEvent.value() or e
ConnectionError: Socket disconnect

--------------------------------------------------------------------------------[0m
2025-02-13 22:08:44,060 - models_types_generator - INFO - 
[32m--------------------------------------------------------------------------------
Found class: CurrentPosition
--------------------------------------------------------------------------------[0m
2025-02-13 22:08:44,061 - models_types_generator - INFO - 
[32m--------------------------------------------------------------------------------
  Processing field: stock
--------------------------------------------------------------------------------[0m
2025-02-13 22:08:44,061 - models_types_generator - INFO - 
[32m--------------------------------------------------------------------------------
    Field type: str
--------------------------------------------------------------------------------[0m
2025-02-13 22:08:44,061 - models_types_generator - INFO - 
[32m--------------------------------------------------------------------------------
  Processing field: avg_price_bought
--------------------------------------------------------------------------------[0m
2025-02-13 22:08:44,061 - models_types_generator - INFO - 
[32m--------------------------------------------------------------------------------
    Field type: float
--------------------------------------------------------------------------------[0m
2025-02-13 22:08:44,061 - models_types_generator - INFO - 
[32m--------------------------------------------------------------------------------
  Processing field: current_price
--------------------------------------------------------------------------------[0m
2025-02-13 22:08:44,061 - models_types_generator - INFO - 
[32m--------------------------------------------------------------------------------
    Field type: float
--------------------------------------------------------------------------------[0m
2025-02-13 22:08:44,061 - models_types_generator - INFO - 
[32m--------------------------------------------------------------------------------
  Processing field: quantity
--------------------------------------------------------------------------------[0m
2025-02-13 22:08:44,061 - models_types_generator - INFO - 
[32m--------------------------------------------------------------------------------
    Field type: float
--------------------------------------------------------------------------------[0m
2025-02-13 22:08:44,061 - models_types_generator - INFO - 
[32m--------------------------------------------------------------------------------
  Processing field: stop_limit
--------------------------------------------------------------------------------[0m
2025-02-13 22:08:44,061 - models_types_generator - INFO - 
[32m--------------------------------------------------------------------------------
    Field type: float
--------------------------------------------------------------------------------[0m
2025-02-13 22:08:44,061 - models_types_generator - INFO - 
[32m--------------------------------------------------------------------------------
  Processing field: stop_limit_in_place
--------------------------------------------------------------------------------[0m
2025-02-13 22:08:44,061 - models_types_generator - INFO - 
[32m--------------------------------------------------------------------------------
    Field type: int
--------------------------------------------------------------------------------[0m
2025-02-13 22:08:44,061 - models_types_generator - INFO - 
[32m--------------------------------------------------------------------------------
  Processing field: strategy
--------------------------------------------------------------------------------[0m
2025-02-13 22:08:44,061 - models_types_generator - INFO - 
[32m--------------------------------------------------------------------------------
    Field type: str
--------------------------------------------------------------------------------[0m
2025-02-13 22:08:44,061 - models_types_generator - INFO - 
[32m--------------------------------------------------------------------------------
  Fields: {'stock': 'str', 'avg_price_bought': 'float', 'current_price': 'float', 'quantity': 'float', 'stop_limit': 'float', 'stop_limit_in_place': 'int', 'strategy': 'str'}
--------------------------------------------------------------------------------[0m
2025-02-13 22:08:44,061 - models_types_generator - INFO - 
[32m--------------------------------------------------------------------------------
Found class: TargetPosition
--------------------------------------------------------------------------------[0m
2025-02-13 22:08:44,061 - models_types_generator - INFO - 
[32m--------------------------------------------------------------------------------
  Processing field: stock
--------------------------------------------------------------------------------[0m
2025-02-13 22:08:44,061 - models_types_generator - INFO - 
[32m--------------------------------------------------------------------------------
    Field type: str
--------------------------------------------------------------------------------[0m
2025-02-13 22:08:44,061 - models_types_generator - INFO - 
[32m--------------------------------------------------------------------------------
  Processing field: avg_price_bought
--------------------------------------------------------------------------------[0m
2025-02-13 22:08:44,061 - models_types_generator - INFO - 
[32m--------------------------------------------------------------------------------
    Field type: float
--------------------------------------------------------------------------------[0m
2025-02-13 22:08:44,061 - models_types_generator - INFO - 
[32m--------------------------------------------------------------------------------
  Processing field: current_price
--------------------------------------------------------------------------------[0m
2025-02-13 22:08:44,062 - models_types_generator - INFO - 
[32m--------------------------------------------------------------------------------
    Field type: float
--------------------------------------------------------------------------------[0m
2025-02-13 22:08:44,062 - models_types_generator - INFO - 
[32m--------------------------------------------------------------------------------
  Processing field: quantity
--------------------------------------------------------------------------------[0m
2025-02-13 22:08:44,062 - models_types_generator - INFO - 
[32m--------------------------------------------------------------------------------
    Field type: float
--------------------------------------------------------------------------------[0m
2025-02-13 22:08:44,062 - models_types_generator - INFO - 
[32m--------------------------------------------------------------------------------
  Processing field: stop_limit
--------------------------------------------------------------------------------[0m
2025-02-13 22:08:44,062 - models_types_generator - INFO - 
[32m--------------------------------------------------------------------------------
    Field type: float
--------------------------------------------------------------------------------[0m
2025-02-13 22:08:44,062 - models_types_generator - INFO - 
[32m--------------------------------------------------------------------------------
  Processing field: strategy
--------------------------------------------------------------------------------[0m
2025-02-13 22:08:44,062 - models_types_generator - INFO - 
[32m--------------------------------------------------------------------------------
    Field type: str
--------------------------------------------------------------------------------[0m
2025-02-13 22:08:44,062 - models_types_generator - INFO - 
[32m--------------------------------------------------------------------------------
  Fields: {'stock': 'str', 'avg_price_bought': 'float', 'current_price': 'float', 'quantity': 'float', 'stop_limit': 'float', 'strategy': 'str'}
--------------------------------------------------------------------------------[0m
2025-02-13 22:08:44,062 - models_types_generator - INFO - 
[32m--------------------------------------------------------------------------------
Found class: OpenOrders
--------------------------------------------------------------------------------[0m
2025-02-13 22:08:44,062 - models_types_generator - INFO - 
[32m--------------------------------------------------------------------------------
  Processing field: order_id
--------------------------------------------------------------------------------[0m
2025-02-13 22:08:44,062 - models_types_generator - INFO - 
[32m--------------------------------------------------------------------------------
    Field type: int
--------------------------------------------------------------------------------[0m
2025-02-13 22:08:44,062 - models_types_generator - INFO - 
[32m--------------------------------------------------------------------------------
  Processing field: stock
--------------------------------------------------------------------------------[0m
2025-02-13 22:08:44,062 - models_types_generator - INFO - 
[32m--------------------------------------------------------------------------------
    Field type: str
--------------------------------------------------------------------------------[0m
2025-02-13 22:08:44,062 - models_types_generator - INFO - 
[32m--------------------------------------------------------------------------------
  Processing field: time
--------------------------------------------------------------------------------[0m
2025-02-13 22:08:44,062 - models_types_generator - INFO - 
[32m--------------------------------------------------------------------------------
    Field type: datetime.datetime
--------------------------------------------------------------------------------[0m
2025-02-13 22:08:44,062 - models_types_generator - INFO - 
[32m--------------------------------------------------------------------------------
  Processing field: price_transacted
--------------------------------------------------------------------------------[0m
2025-02-13 22:08:44,062 - models_types_generator - INFO - 
[32m--------------------------------------------------------------------------------
    Field type: float
--------------------------------------------------------------------------------[0m
2025-02-13 22:08:44,062 - models_types_generator - INFO - 
[32m--------------------------------------------------------------------------------
  Processing field: fees
--------------------------------------------------------------------------------[0m
2025-02-13 22:08:44,062 - models_types_generator - INFO - 
[32m--------------------------------------------------------------------------------
    Field type: float
--------------------------------------------------------------------------------[0m
2025-02-13 22:08:44,062 - models_types_generator - INFO - 
[32m--------------------------------------------------------------------------------
  Processing field: quantity
--------------------------------------------------------------------------------[0m
2025-02-13 22:08:44,062 - models_types_generator - INFO - 
[32m--------------------------------------------------------------------------------
    Field type: float
--------------------------------------------------------------------------------[0m
2025-02-13 22:08:44,062 - models_types_generator - INFO - 
[32m--------------------------------------------------------------------------------
  Processing field: strategy
--------------------------------------------------------------------------------[0m
2025-02-13 22:08:44,062 - models_types_generator - INFO - 
[32m--------------------------------------------------------------------------------
    Field type: str
--------------------------------------------------------------------------------[0m
2025-02-13 22:08:44,063 - models_types_generator - INFO - 
[32m--------------------------------------------------------------------------------
  Fields: {'order_id': 'int', 'stock': 'str', 'time': 'datetime.datetime', 'price_transacted': 'float', 'fees': 'float', 'quantity': 'float', 'strategy': 'str'}
--------------------------------------------------------------------------------[0m
2025-02-13 22:08:44,063 - models_types_generator - INFO - 
[32m--------------------------------------------------------------------------------
Found class: Transaction
--------------------------------------------------------------------------------[0m
2025-02-13 22:08:44,063 - models_types_generator - INFO - 
[32m--------------------------------------------------------------------------------
  Processing field: stock
--------------------------------------------------------------------------------[0m
2025-02-13 22:08:44,063 - models_types_generator - INFO - 
[32m--------------------------------------------------------------------------------
    Field type: str
--------------------------------------------------------------------------------[0m
2025-02-13 22:08:44,063 - models_types_generator - INFO - 
[32m--------------------------------------------------------------------------------
  Processing field: time
--------------------------------------------------------------------------------[0m
2025-02-13 22:08:44,063 - models_types_generator - INFO - 
[32m--------------------------------------------------------------------------------
    Field type: datetime.datetime
--------------------------------------------------------------------------------[0m
2025-02-13 22:08:44,063 - models_types_generator - INFO - 
[32m--------------------------------------------------------------------------------
  Processing field: price_transacted
--------------------------------------------------------------------------------[0m
2025-02-13 22:08:44,063 - models_types_generator - INFO - 
[32m--------------------------------------------------------------------------------
    Field type: float
--------------------------------------------------------------------------------[0m
2025-02-13 22:08:44,063 - models_types_generator - INFO - 
[32m--------------------------------------------------------------------------------
  Processing field: fees
--------------------------------------------------------------------------------[0m
2025-02-13 22:08:44,063 - models_types_generator - INFO - 
[32m--------------------------------------------------------------------------------
    Field type: float
--------------------------------------------------------------------------------[0m
2025-02-13 22:08:44,063 - models_types_generator - INFO - 
[32m--------------------------------------------------------------------------------
  Processing field: quantity
--------------------------------------------------------------------------------[0m
2025-02-13 22:08:44,063 - models_types_generator - INFO - 
[32m--------------------------------------------------------------------------------
    Field type: float
--------------------------------------------------------------------------------[0m
2025-02-13 22:08:44,063 - models_types_generator - INFO - 
[32m--------------------------------------------------------------------------------
  Processing field: strategy
--------------------------------------------------------------------------------[0m
2025-02-13 22:08:44,063 - models_types_generator - INFO - 
[32m--------------------------------------------------------------------------------
    Field type: str
--------------------------------------------------------------------------------[0m
2025-02-13 22:08:44,063 - models_types_generator - INFO - 
[32m--------------------------------------------------------------------------------
  Fields: {'stock': 'str', 'time': 'datetime.datetime', 'price_transacted': 'float', 'fees': 'float', 'quantity': 'float', 'strategy': 'str'}
--------------------------------------------------------------------------------[0m
2025-02-13 22:08:44,063 - models_types_generator - INFO - 
[32m--------------------------------------------------------------------------------
Found class: HistoricalData
--------------------------------------------------------------------------------[0m
2025-02-13 22:08:44,063 - models_types_generator - INFO - 
[32m--------------------------------------------------------------------------------
  Processing field: stock
--------------------------------------------------------------------------------[0m
2025-02-13 22:08:44,063 - models_types_generator - INFO - 
[32m--------------------------------------------------------------------------------
    Field type: str
--------------------------------------------------------------------------------[0m
2025-02-13 22:08:44,063 - models_types_generator - INFO - 
[32m--------------------------------------------------------------------------------
  Processing field: time
--------------------------------------------------------------------------------[0m
2025-02-13 22:08:44,063 - models_types_generator - INFO - 
[32m--------------------------------------------------------------------------------
    Field type: datetime.datetime
--------------------------------------------------------------------------------[0m
2025-02-13 22:08:44,063 - models_types_generator - INFO - 
[32m--------------------------------------------------------------------------------
  Processing field: open
--------------------------------------------------------------------------------[0m
2025-02-13 22:08:44,063 - models_types_generator - INFO - 
[32m--------------------------------------------------------------------------------
    Field type: float
--------------------------------------------------------------------------------[0m
2025-02-13 22:08:44,063 - models_types_generator - INFO - 
[32m--------------------------------------------------------------------------------
  Processing field: high
--------------------------------------------------------------------------------[0m
2025-02-13 22:08:44,063 - models_types_generator - INFO - 
[32m--------------------------------------------------------------------------------
    Field type: float
--------------------------------------------------------------------------------[0m
2025-02-13 22:08:44,064 - models_types_generator - INFO - 
[32m--------------------------------------------------------------------------------
  Processing field: low
--------------------------------------------------------------------------------[0m
2025-02-13 22:08:44,064 - models_types_generator - INFO - 
[32m--------------------------------------------------------------------------------
    Field type: float
--------------------------------------------------------------------------------[0m
2025-02-13 22:08:44,064 - models_types_generator - INFO - 
[32m--------------------------------------------------------------------------------
  Processing field: close
--------------------------------------------------------------------------------[0m
2025-02-13 22:08:44,064 - models_types_generator - INFO - 
[32m--------------------------------------------------------------------------------
    Field type: float
--------------------------------------------------------------------------------[0m
2025-02-13 22:08:44,064 - models_types_generator - INFO - 
[32m--------------------------------------------------------------------------------
  Processing field: volume
--------------------------------------------------------------------------------[0m
2025-02-13 22:08:44,064 - models_types_generator - INFO - 
[32m--------------------------------------------------------------------------------
    Field type: int
--------------------------------------------------------------------------------[0m
2025-02-13 22:08:44,064 - models_types_generator - INFO - 
[32m--------------------------------------------------------------------------------
  Fields: {'stock': 'str', 'time': 'datetime.datetime', 'open': 'float', 'high': 'float', 'low': 'float', 'close': 'float', 'volume': 'int'}
--------------------------------------------------------------------------------[0m
2025-02-13 22:08:44,068 - init_db() - INFO - 
[32m--------------------------------------------------------------------------------
Database initialization complete.
--------------------------------------------------------------------------------[0m
2025-02-13 22:08:44,074 - IBC - INFO - 
[32m--------------------------------------------------------------------------------
IBC LOGS START
--------------------------------------------------------------------------------[0m
2025-02-13 22:09:15,388 - IBC - INFO - 
[32m--------------------------------------------------------------------------------
IBC LOGS END - IBKR started
--------------------------------------------------------------------------------[0m
2025-02-13 22:09:16,185 - IBAsyncBroker - INFO - 
[32m--------------------------------------------------------------------------------
connect(): Successfully connected to IBKR.
--------------------------------------------------------------------------------[0m
2025-02-13 22:27:05,034 - IBAsyncBroker - ERROR - 
[31m--------------------------------------------------------------------------------
Error sending orders: list index out of range
--------------------------------------------------------------------------------[0m
2025-02-14 10:21:04,289 - run.py - ERROR - 
[31m--------------------------------------------------------------------------------
Failed, Disconnecting from brokers now: Traceback (most recent call last):
  File "/Users/ryantan/.pyenv/versions/3.10.0/lib/python3.10/asyncio/tasks.py", line 234, in __step
    result = coro.throw(exc)
  File "/Users/ryantan/.pyenv/versions/3.10.0/lib/python3.10/asyncio/tasks.py", line 609, in sleep
    return await future
  File "/Users/ryantan/.pyenv/versions/3.10.0/lib/python3.10/asyncio/futures.py", line 284, in __await__
    yield self  # This tells Task to wait for completion.
  File "/Users/ryantan/.pyenv/versions/3.10.0/lib/python3.10/asyncio/tasks.py", line 304, in __wakeup
    future.result()
  File "/Users/ryantan/.pyenv/versions/3.10.0/lib/python3.10/asyncio/futures.py", line 196, in result
    raise exc
asyncio.exceptions.CancelledError

During handling of the above exception, another exception occurred:

Traceback (most recent call last):
  File "/Users/ryantan/Downloads/Personal Projects/auto ibkr/py_book/backend/venv/lib/python3.10/site-packages/ib_async/util.py", line 360, in run
    result = loop.run_until_complete(task)
  File "/Users/ryantan/Downloads/Personal Projects/auto ibkr/py_book/backend/venv/lib/python3.10/site-packages/nest_asyncio.py", line 98, in run_until_complete
    return f.result()
  File "/Users/ryantan/.pyenv/versions/3.10.0/lib/python3.10/asyncio/futures.py", line 196, in result
    raise exc
asyncio.exceptions.CancelledError

During handling of the above exception, another exception occurred:

Traceback (most recent call last):
  File "/Users/ryantan/Downloads/Personal Projects/auto ibkr/py_book/backend/app/run.py", line 19, in run
    await ibkr.ib.sleep(60 * 30)
  File "/Users/ryantan/Downloads/Personal Projects/auto ibkr/py_book/backend/venv/lib/python3.10/site-packages/ib_async/util.py", line 405, in sleep
    run(asyncio.sleep(secs))
  File "/Users/ryantan/Downloads/Personal Projects/auto ibkr/py_book/backend/venv/lib/python3.10/site-packages/ib_async/util.py", line 362, in run
    raise globalErrorEvent.value() or e
ConnectionError: Socket disconnect

--------------------------------------------------------------------------------[0m
2025-02-14 10:21:04,290 - IBAsyncBroker - INFO - 
[32m--------------------------------------------------------------------------------
disconnect(): Successfully disconnected from IBKR.
--------------------------------------------------------------------------------[0m
2025-02-14 10:21:04,292 - send_command_to_ibc() - INFO - 
[32m--------------------------------------------------------------------------------
Response: ERROR STOP already in progress

--------------------------------------------------------------------------------[0m
